<?xml version="1.0" encoding="UTF-8"?>
<!-- Generated by org.testng.reporters.JUnitXMLReporter -->
<testsuite hostname="ASDP1590PO02037" ignored="0" name="Default test" tests="4" failures="0" timestamp="27 Jun 2018 10:35:09 GMT" time="6.847" errors="0">
  <testcase name="select_Language_1" time="0.126" classname="com.qainfotech.Bing.AppTest"/>
  <testcase name="select_Language_2" time="0.079" classname="com.qainfotech.Bing.AppTest"/>
  <testcase name="Input_text" time="0.058" classname="com.qainfotech.Bing.AppTest"/>
  <testcase name="Translated_text" time="1.479" classname="com.qainfotech.Bing.AppTest"/>
</testsuite> <!-- Default test -->
